2024-08-15 17:14:12,607 - DEBUG - connectionpool.py:1051 - Starting new HTTPS connection (1): api.checkbox.ua:443
2024-08-15 17:14:12,791 - DEBUG - connectionpool.py:546 - https://api.checkbox.ua:443 "GET /api/v1/cashier/me HTTP/11" 200 None
2024-08-15 17:14:12,793 - DEBUG - connectionpool.py:1051 - Starting new HTTPS connection (1): api.checkbox.ua:443
2024-08-15 17:14:12,962 - DEBUG - connectionpool.py:546 - https://api.checkbox.ua:443 "GET /api/v1/cashier/tax HTTP/11" 200 None
2024-08-15 17:14:15,790 - DEBUG - CheckboxSettings.py:102 - Запит до API: https://api.checkbox.ua/api/v1/cashier/shift
2024-08-15 17:14:15,790 - DEBUG - CheckboxSettings.py:103 - Заголовки запиту: {'accept': 'application/json', 'X-Client-Name': 'Test-Client-Name', 'X-Client-Version': 'Test-Client-Version', 'Authorization': 'Bearer eyJhbGciOiJIUzI1NiIsInR5cCI6IkpXVCJ9.eyJ0b2tlbl90eXBlIjoiQVBJIiwianRpIjoiMDU2NWM5YWMtZWEwOS00ZjEyLTkwNTMtNGI4NGFlNDRkZGQ1Iiwic3ViIjoiYjliMjhlNzQtNDA5NC00YTRlLWEyNzAtMjE0ZTdkMWYwN2UwIiwibmJmIjoxNzIzNzI5NTU2LCJpYXQiOjE3MjM3Mjk1NTZ9.LKwv_jvJ7_Kigr23VlDcQxzDm_j2-yrX76rM5dBvQN8'}
2024-08-15 17:14:15,791 - DEBUG - connectionpool.py:1051 - Starting new HTTPS connection (1): api.checkbox.ua:443
2024-08-15 17:14:15,971 - DEBUG - connectionpool.py:546 - https://api.checkbox.ua:443 "GET /api/v1/cashier/shift HTTP/11" 200 4
2024-08-15 17:14:15,971 - DEBUG - CheckboxSettings.py:110 - Статус відповіді: 200
2024-08-15 17:14:15,971 - DEBUG - CheckboxSettings.py:111 - Заголовки відповіді: {'Date': 'Thu, 15 Aug 2024 14:14:27 GMT', 'Content-Type': 'application/json', 'Content-Length': '4', 'Connection': 'keep-alive', 'x-request-id': 'a50f3bb1329cd8ce218bf6d099c380f6', 'x-correlation-id': 'eae85080350f4187afa6af9b9ddf946f', 'strict-transport-security': 'max-age=31536000; includeSubDomains', 'CF-Cache-Status': 'DYNAMIC', 'Report-To': '{"endpoints":[{"url":"https:\\/\\/a.nel.cloudflare.com\\/report\\/v4?s=YZLeIVso63ASuZkw01kIAwnpwkY43IMhwiXEMxHbc1RSyWs%2BYz2NYM%2F2ZUvpfvtwdiuyeoADbHWDODyIlzVHZHB2t5Fm6qqPmde0BR1oHJcZ3zUaq5KIWEyhhbWBgnpHHlw%3D"}],"group":"cf-nel","max_age":604800}', 'NEL': '{"success_fraction":0,"report_to":"cf-nel","max_age":604800}', 'Server': 'cloudflare', 'CF-RAY': '8b39ca831aa4bbb1-WAW', 'alt-svc': 'h3=":443"; ma=86400'}
2024-08-15 17:14:15,971 - DEBUG - CheckboxSettings.py:120 - Відповідь API (текст): null
2024-08-15 17:14:15,972 - ERROR - CheckboxSettings.py:131 - Отримані дані не є правильним JSON-об'єктом
2024-08-15 17:20:40,012 - DEBUG - CheckboxSettings.py:102 - Запит до API: https://api.checkbox.ua/api/v1/cashier/shift
2024-08-15 17:20:40,012 - DEBUG - CheckboxSettings.py:103 - Заголовки запиту: {'accept': 'application/json', 'X-Client-Name': 'Test-Client-Name', 'X-Client-Version': 'Test-Client-Version', 'Authorization': 'Bearer eyJhbGciOiJIUzI1NiIsInR5cCI6IkpXVCJ9.eyJ0b2tlbl90eXBlIjoiQVBJIiwianRpIjoiMDU2NWM5YWMtZWEwOS00ZjEyLTkwNTMtNGI4NGFlNDRkZGQ1Iiwic3ViIjoiYjliMjhlNzQtNDA5NC00YTRlLWEyNzAtMjE0ZTdkMWYwN2UwIiwibmJmIjoxNzIzNzI5NTU2LCJpYXQiOjE3MjM3Mjk1NTZ9.LKwv_jvJ7_Kigr23VlDcQxzDm_j2-yrX76rM5dBvQN8'}
2024-08-15 17:20:40,013 - DEBUG - connectionpool.py:1051 - Starting new HTTPS connection (1): api.checkbox.ua:443
2024-08-15 17:20:40,201 - DEBUG - connectionpool.py:546 - https://api.checkbox.ua:443 "GET /api/v1/cashier/shift HTTP/11" 200 4
2024-08-15 17:20:40,202 - DEBUG - CheckboxSettings.py:110 - Статус відповіді: 200
2024-08-15 17:20:40,202 - DEBUG - CheckboxSettings.py:111 - Заголовки відповіді: {'Date': 'Thu, 15 Aug 2024 14:20:51 GMT', 'Content-Type': 'application/json', 'Content-Length': '4', 'Connection': 'keep-alive', 'x-request-id': '70a8587e7a38b163d2620259e334504f', 'x-correlation-id': 'f68ea10c9f5a4ed7b42efe37223fc7fb', 'strict-transport-security': 'max-age=31536000; includeSubDomains', 'CF-Cache-Status': 'DYNAMIC', 'Report-To': '{"endpoints":[{"url":"https:\\/\\/a.nel.cloudflare.com\\/report\\/v4?s=8WCk9LckU%2BC%2F%2FdMOpVwMAfQ5KFTIG9xnGUFgmqcmgU8JRGziC10DAF0XsCvSQT1iEktO5Ea2dgahBKqyRJkbSNEoBUSYAPIQAOGLsko208%2BH7wS8ztrHwuC3mYHRItt5HGc%3D"}],"group":"cf-nel","max_age":604800}', 'NEL': '{"success_fraction":0,"report_to":"cf-nel","max_age":604800}', 'Server': 'cloudflare', 'CF-RAY': '8b39d3e49f16c060-WAW', 'alt-svc': 'h3=":443"; ma=86400'}
2024-08-15 17:20:40,202 - DEBUG - CheckboxSettings.py:120 - Відповідь API (текст): null
2024-08-15 17:20:40,202 - ERROR - CheckboxSettings.py:131 - Отримані дані не є правильним JSON-об'єктом
2024-08-15 17:37:59,087 - DEBUG - CheckboxSettings.py:102 - Запит до API: https://api.checkbox.ua/api/v1/cashier/shift
2024-08-15 17:37:59,087 - DEBUG - CheckboxSettings.py:103 - Заголовки запиту: {'accept': 'application/json', 'X-Client-Name': 'Test-Client-Name', 'X-Client-Version': 'Test-Client-Version', 'Authorization': 'Bearer eyJhbGciOiJIUzI1NiIsInR5cCI6IkpXVCJ9.eyJ0b2tlbl90eXBlIjoiQVBJIiwianRpIjoiMDU2NWM5YWMtZWEwOS00ZjEyLTkwNTMtNGI4NGFlNDRkZGQ1Iiwic3ViIjoiYjliMjhlNzQtNDA5NC00YTRlLWEyNzAtMjE0ZTdkMWYwN2UwIiwibmJmIjoxNzIzNzI5NTU2LCJpYXQiOjE3MjM3Mjk1NTZ9.LKwv_jvJ7_Kigr23VlDcQxzDm_j2-yrX76rM5dBvQN8'}
2024-08-15 17:37:59,088 - DEBUG - connectionpool.py:1051 - Starting new HTTPS connection (1): api.checkbox.ua:443
2024-08-15 17:37:59,352 - DEBUG - connectionpool.py:546 - https://api.checkbox.ua:443 "GET /api/v1/cashier/shift HTTP/11" 200 4
2024-08-15 17:37:59,352 - DEBUG - CheckboxSettings.py:110 - Статус відповіді: 200
2024-08-15 17:37:59,352 - DEBUG - CheckboxSettings.py:111 - Заголовки відповіді: {'Date': 'Thu, 15 Aug 2024 14:38:10 GMT', 'Content-Type': 'application/json', 'Content-Length': '4', 'Connection': 'keep-alive', 'x-request-id': '3be3b7ee684b14831631c4216c023769', 'x-correlation-id': '0db637ab5e364ae4b16c74bd881ca190', 'strict-transport-security': 'max-age=31536000; includeSubDomains', 'CF-Cache-Status': 'DYNAMIC', 'Report-To': '{"endpoints":[{"url":"https:\\/\\/a.nel.cloudflare.com\\/report\\/v4?s=O70Zsc%2Fecz369ooHIpuYP%2F0P7gDqxoPRMKJDuSzSiNXBx%2FEVlZrf%2BEhwihQMxH%2BnacfV5GDXaGRi01rOpiGoZPEG52x1MmW8rezIUxwezM4AB0VAIjPaFz7lLoJjWtdwRiU%3D"}],"group":"cf-nel","max_age":604800}', 'NEL': '{"success_fraction":0,"report_to":"cf-nel","max_age":604800}', 'Server': 'cloudflare', 'CF-RAY': '8b39ed430e1cbf36-WAW', 'alt-svc': 'h3=":443"; ma=86400'}
2024-08-15 17:37:59,352 - DEBUG - CheckboxSettings.py:120 - Відповідь API (текст): null
2024-08-15 17:37:59,353 - ERROR - CheckboxSettings.py:131 - Отримані дані не є правильним JSON-об'єктом
2024-08-15 17:39:30,479 - DEBUG - CheckboxSettings.py:102 - Запит до API: https://api.checkbox.ua/api/v1/cashier/shift
2024-08-15 17:39:30,480 - DEBUG - CheckboxSettings.py:103 - Заголовки запиту: {'accept': 'application/json', 'X-Client-Name': 'Test-Client-Name', 'X-Client-Version': 'Test-Client-Version', 'Authorization': 'Bearer eyJhbGciOiJIUzI1NiIsInR5cCI6IkpXVCJ9.eyJ0b2tlbl90eXBlIjoiQVBJIiwianRpIjoiMDU2NWM5YWMtZWEwOS00ZjEyLTkwNTMtNGI4NGFlNDRkZGQ1Iiwic3ViIjoiYjliMjhlNzQtNDA5NC00YTRlLWEyNzAtMjE0ZTdkMWYwN2UwIiwibmJmIjoxNzIzNzI5NTU2LCJpYXQiOjE3MjM3Mjk1NTZ9.LKwv_jvJ7_Kigr23VlDcQxzDm_j2-yrX76rM5dBvQN8'}
2024-08-15 17:39:30,481 - DEBUG - connectionpool.py:1051 - Starting new HTTPS connection (1): api.checkbox.ua:443
2024-08-15 17:39:30,667 - DEBUG - connectionpool.py:546 - https://api.checkbox.ua:443 "GET /api/v1/cashier/shift HTTP/11" 200 4
2024-08-15 17:39:30,667 - DEBUG - CheckboxSettings.py:110 - Статус відповіді: 200
2024-08-15 17:39:30,667 - DEBUG - CheckboxSettings.py:111 - Заголовки відповіді: {'Date': 'Thu, 15 Aug 2024 14:39:41 GMT', 'Content-Type': 'application/json', 'Content-Length': '4', 'Connection': 'keep-alive', 'x-request-id': '6b25848423f7dab508c72f12f1fc1f0f', 'x-correlation-id': '3814fab6a8e64a84880b6f51d8410b01', 'strict-transport-security': 'max-age=31536000; includeSubDomains', 'CF-Cache-Status': 'DYNAMIC', 'Report-To': '{"endpoints":[{"url":"https:\\/\\/a.nel.cloudflare.com\\/report\\/v4?s=zGa7toihF93kqekUDODJWNqtJV1IZ4SIUWK2GKSb%2BoqIcrA%2BBgsYktFeQOb2RmePl1jgf4qShZ81jFgCIT97sUX6lOygNOui8LolQHwR1i1h8tpVjeJ2kAfN6f7GgPPu%2F6s%3D"}],"group":"cf-nel","max_age":604800}', 'NEL': '{"success_fraction":0,"report_to":"cf-nel","max_age":604800}', 'Server': 'cloudflare', 'CF-RAY': '8b39ef7e2c2734f4-WAW', 'alt-svc': 'h3=":443"; ma=86400'}
2024-08-15 17:39:30,667 - DEBUG - CheckboxSettings.py:120 - Відповідь API (текст): null
2024-08-15 17:39:30,667 - ERROR - CheckboxSettings.py:131 - Отримані дані не є правильним JSON-об'єктом
2024-08-15 17:43:57,373 - DEBUG - CheckboxSettings.py:102 - Запит до API: https://api.checkbox.ua/api/v1/cashier/shift
2024-08-15 17:43:57,373 - DEBUG - CheckboxSettings.py:103 - Заголовки запиту: {'accept': 'application/json', 'X-Client-Name': 'Test-Client-Name', 'X-Client-Version': 'Test-Client-Version', 'Authorization': 'Bearer eyJhbGciOiJIUzI1NiIsInR5cCI6IkpXVCJ9.eyJ0b2tlbl90eXBlIjoiQVBJIiwianRpIjoiMDU2NWM5YWMtZWEwOS00ZjEyLTkwNTMtNGI4NGFlNDRkZGQ1Iiwic3ViIjoiYjliMjhlNzQtNDA5NC00YTRlLWEyNzAtMjE0ZTdkMWYwN2UwIiwibmJmIjoxNzIzNzI5NTU2LCJpYXQiOjE3MjM3Mjk1NTZ9.LKwv_jvJ7_Kigr23VlDcQxzDm_j2-yrX76rM5dBvQN8'}
2024-08-15 17:43:57,374 - DEBUG - connectionpool.py:1051 - Starting new HTTPS connection (1): api.checkbox.ua:443
2024-08-15 17:43:57,597 - DEBUG - connectionpool.py:546 - https://api.checkbox.ua:443 "GET /api/v1/cashier/shift HTTP/11" 200 None
2024-08-15 17:43:57,597 - DEBUG - CheckboxSettings.py:110 - Статус відповіді: 200
2024-08-15 17:43:57,597 - DEBUG - CheckboxSettings.py:111 - Заголовки відповіді: {'Date': 'Thu, 15 Aug 2024 14:44:08 GMT', 'Content-Type': 'application/json', 'Transfer-Encoding': 'chunked', 'Connection': 'keep-alive', 'x-request-id': '8cb5c2acc3d8a6c2524b9cabab77ad9d', 'x-correlation-id': '7eaa60b1cf7247bf9453f76988472e44', 'strict-transport-security': 'max-age=31536000; includeSubDomains', 'cf-cache-status': 'DYNAMIC', 'Report-To': '{"endpoints":[{"url":"https:\\/\\/a.nel.cloudflare.com\\/report\\/v4?s=xD3Y545z0fpKKDA7kiCf10bJfCMgvx44kM83R27tQXRfQevhQatvXb9z6HG%2BUF2fkf0HuzszGUdcnw7ZSBez7ywn8ovmj2Y9JHsM0ievvuTMzRykkA3OWLN9ugmu4xLXpps%3D"}],"group":"cf-nel","max_age":604800}', 'NEL': '{"success_fraction":0,"report_to":"cf-nel","max_age":604800}', 'Server': 'cloudflare', 'CF-RAY': '8b39f6026da5c072-WAW', 'Content-Encoding': 'gzip', 'alt-svc': 'h3=":443"; ma=86400'}
2024-08-15 17:43:57,598 - DEBUG - CheckboxSettings.py:120 - Відповідь API (текст): {"id":"8c951898-54fb-4472-82af-401f45fd350a","serial":2,"status":"OPENED","z_report":null,"opened_at":"2024-08-15T14:43:41.597273+00:00","closed_at":null,"initial_transaction":{"id":"733aa855-3534-4007-8f25-49d4ae9b2c53","type":"SHIFT_OPEN","serial":5,"status":"DONE","request_signed_at":"2024-08-15T14:43:41.657949+00:00","request_received_at":"2024-08-15T14:43:41.692047+00:00","response_status":"OK","response_error_message":null,"response_id":"TEST-XF3CNF","offline_id":null,"created_at":"2024-08-15T14:43:41.597273+00:00","updated_at":"2024-08-15T14:43:41.710601+00:00","original_datetime":"2024-08-15T14:43:41.597273+00:00","previous_hash":"63d2c02a706644bfe20ae7f42f10c9035656c47e5b95a0b9c174bf12492de729"},"closing_transaction":null,"created_at":"2024-08-15T14:43:41.597273+00:00","updated_at":"2024-08-15T14:43:41.715385+00:00","balance":{"initial":12300,"balance":12300,"cash_sales":0,"card_sales":0,"discounts_sum":0,"extra_charge_sum":0,"cash_returns":0,"card_returns":0,"service_in":0,"service_out":0,"updated_at":null},"taxes":[{"id":"eba559f1-94cb-497c-b912-b19c1f57dd02","code":8,"label":"Без ПДВ","symbol":"З","rate":0,"extra_rate":null,"included":true,"is_gambling":null,"created_at":"2024-08-15T13:43:22.202648+00:00","updated_at":null,"no_vat":true,"advanced_code":null,"sales":0,"returns":0,"sales_turnover":0,"returns_turnover":0}],"fiscal_api_type":null,"evpez_shift_id":null,"emergency_close":null,"emergency_close_details":null,"cash_register":{"id":"782ede7a-5d82-467b-a2f5-6b2c64661094","fiscal_number":"TEST190214","active":true,"created_at":"2024-08-15T16:43:21+00:00","updated_at":"2024-08-15T16:43:21+00:00","number":"1"}}
2024-08-15 17:44:47,165 - DEBUG - CheckboxSettings.py:102 - Запит до API: https://api.checkbox.ua/api/v1/cashier/shift
2024-08-15 17:44:47,165 - DEBUG - CheckboxSettings.py:103 - Заголовки запиту: {'accept': 'application/json', 'X-Client-Name': 'Test-Client-Name', 'X-Client-Version': 'Test-Client-Version', 'Authorization': 'Bearer eyJhbGciOiJIUzI1NiIsInR5cCI6IkpXVCJ9.eyJ0b2tlbl90eXBlIjoiQVBJIiwianRpIjoiMDU2NWM5YWMtZWEwOS00ZjEyLTkwNTMtNGI4NGFlNDRkZGQ1Iiwic3ViIjoiYjliMjhlNzQtNDA5NC00YTRlLWEyNzAtMjE0ZTdkMWYwN2UwIiwibmJmIjoxNzIzNzI5NTU2LCJpYXQiOjE3MjM3Mjk1NTZ9.LKwv_jvJ7_Kigr23VlDcQxzDm_j2-yrX76rM5dBvQN8'}
2024-08-15 17:44:47,166 - DEBUG - connectionpool.py:1051 - Starting new HTTPS connection (1): api.checkbox.ua:443
2024-08-15 17:44:47,338 - DEBUG - connectionpool.py:546 - https://api.checkbox.ua:443 "GET /api/v1/cashier/shift HTTP/11" 200 4
2024-08-15 17:44:47,338 - DEBUG - CheckboxSettings.py:110 - Статус відповіді: 200
2024-08-15 17:44:47,339 - DEBUG - CheckboxSettings.py:111 - Заголовки відповіді: {'Date': 'Thu, 15 Aug 2024 14:44:58 GMT', 'Content-Type': 'application/json', 'Content-Length': '4', 'Connection': 'keep-alive', 'x-request-id': '00d50e3c9cdff29929551d8e2f6186e2', 'x-correlation-id': 'a9ba169784a945998b42223aaabf8eb1', 'strict-transport-security': 'max-age=31536000; includeSubDomains', 'CF-Cache-Status': 'DYNAMIC', 'Report-To': '{"endpoints":[{"url":"https:\\/\\/a.nel.cloudflare.com\\/report\\/v4?s=aT4atN7RiQHb3MzXYEWPpftKjfdjWKqRXmsv6CRQKWfOF%2FxqPAEV5rsyw4QFgFPAynsjk4MqLYognOA5V6CgIjB87Dq0ThIMpY%2Fc4ch%2BKMpvx9v4fGFBNNDOWUYzveO22Ic%3D"}],"group":"cf-nel","max_age":604800}', 'NEL': '{"success_fraction":0,"report_to":"cf-nel","max_age":604800}', 'Server': 'cloudflare', 'CF-RAY': '8b39f7398ae4c04d-WAW', 'alt-svc': 'h3=":443"; ma=86400'}
2024-08-15 17:44:47,339 - DEBUG - CheckboxSettings.py:120 - Відповідь API (текст): null
2024-08-15 17:44:47,339 - ERROR - CheckboxSettings.py:131 - Отримані дані не є правильним JSON-об'єктом
