2024-08-15 17:01:08,794 - DEBUG - connectionpool.py:1051 - Starting new HTTPS connection (1): api.checkbox.ua:443
2024-08-15 17:01:08,973 - DEBUG - connectionpool.py:546 - https://api.checkbox.ua:443 "GET /api/v1/cashier/me HTTP/11" 200 None
2024-08-15 17:01:08,974 - DEBUG - connectionpool.py:1051 - Starting new HTTPS connection (1): api.checkbox.ua:443
2024-08-15 17:01:09,167 - DEBUG - connectionpool.py:546 - https://api.checkbox.ua:443 "GET /api/v1/cashier/tax HTTP/11" 200 None
2024-08-15 17:01:11,665 - DEBUG - CheckboxSettings.py:102 - Запит до API: https://api.checkbox.ua/api/v1/cashier/shift
2024-08-15 17:01:11,666 - DEBUG - CheckboxSettings.py:103 - Заголовки запиту: {'accept': 'application/json', 'X-Client-Name': 'Test-Client-Name', 'X-Client-Version': 'Test-Client-Version', 'Authorization': 'Bearer eyJhbGciOiJIUzI1NiIsInR5cCI6IkpXVCJ9.eyJ0b2tlbl90eXBlIjoiQVBJIiwianRpIjoiMDU2NWM5YWMtZWEwOS00ZjEyLTkwNTMtNGI4NGFlNDRkZGQ1Iiwic3ViIjoiYjliMjhlNzQtNDA5NC00YTRlLWEyNzAtMjE0ZTdkMWYwN2UwIiwibmJmIjoxNzIzNzI5NTU2LCJpYXQiOjE3MjM3Mjk1NTZ9.LKwv_jvJ7_Kigr23VlDcQxzDm_j2-yrX76rM5dBvQN8'}
2024-08-15 17:01:11,667 - DEBUG - connectionpool.py:1051 - Starting new HTTPS connection (1): api.checkbox.ua:443
2024-08-15 17:01:11,865 - DEBUG - connectionpool.py:546 - https://api.checkbox.ua:443 "GET /api/v1/cashier/shift HTTP/11" 200 4
2024-08-15 17:01:11,866 - DEBUG - CheckboxSettings.py:110 - Статус відповіді: 200
2024-08-15 17:01:11,866 - DEBUG - CheckboxSettings.py:111 - Заголовки відповіді: {'Date': 'Thu, 15 Aug 2024 14:01:23 GMT', 'Content-Type': 'application/json', 'Content-Length': '4', 'Connection': 'keep-alive', 'x-request-id': 'd571111f82323cd221588851a4abbdbf', 'x-correlation-id': '7ef8b3830b3c452e87149cf41b53b43f', 'strict-transport-security': 'max-age=31536000; includeSubDomains', 'CF-Cache-Status': 'DYNAMIC', 'Report-To': '{"endpoints":[{"url":"https:\\/\\/a.nel.cloudflare.com\\/report\\/v4?s=2hAc9nZEyilptSCSWnUpNhV6FDFuNBQVUBDtDdbYCDT4tYlhR6zL%2F%2BTx8X2XUhBRDrHDWQeyWHax2XklaIy9u8yr6o%2BCJZ0gDHs%2FeBV7jSbSwtOVu8piBB97Fw%2BizQWGLdo%3D"}],"group":"cf-nel","max_age":604800}', 'NEL': '{"success_fraction":0,"report_to":"cf-nel","max_age":604800}', 'Server': 'cloudflare', 'CF-RAY': '8b39b75e2d75c417-WAW', 'alt-svc': 'h3=":443"; ma=86400'}
2024-08-15 17:01:11,866 - DEBUG - CheckboxSettings.py:112 - Відповідь API (текст): null
2024-08-15 17:01:11,867 - ERROR - CheckboxSettings.py:129 - Отримані дані не є правильним JSON-об'єктом
2024-08-15 17:10:27,479 - DEBUG - CheckboxSettings.py:102 - Запит до API: https://api.checkbox.ua/api/v1/cashier/shift
2024-08-15 17:10:27,480 - DEBUG - CheckboxSettings.py:103 - Заголовки запиту: {'accept': 'application/json', 'X-Client-Name': 'Test-Client-Name', 'X-Client-Version': 'Test-Client-Version', 'Authorization': 'Bearer eyJhbGciOiJIUzI1NiIsInR5cCI6IkpXVCJ9.eyJ0b2tlbl90eXBlIjoiQVBJIiwianRpIjoiMDU2NWM5YWMtZWEwOS00ZjEyLTkwNTMtNGI4NGFlNDRkZGQ1Iiwic3ViIjoiYjliMjhlNzQtNDA5NC00YTRlLWEyNzAtMjE0ZTdkMWYwN2UwIiwibmJmIjoxNzIzNzI5NTU2LCJpYXQiOjE3MjM3Mjk1NTZ9.LKwv_jvJ7_Kigr23VlDcQxzDm_j2-yrX76rM5dBvQN8'}
2024-08-15 17:10:27,480 - DEBUG - connectionpool.py:1051 - Starting new HTTPS connection (1): api.checkbox.ua:443
2024-08-15 17:10:27,655 - DEBUG - connectionpool.py:546 - https://api.checkbox.ua:443 "GET /api/v1/cashier/shift HTTP/11" 200 4
2024-08-15 17:10:27,655 - DEBUG - CheckboxSettings.py:110 - Статус відповіді: 200
2024-08-15 17:10:27,655 - DEBUG - CheckboxSettings.py:111 - Заголовки відповіді: {'Date': 'Thu, 15 Aug 2024 14:10:38 GMT', 'Content-Type': 'application/json', 'Content-Length': '4', 'Connection': 'keep-alive', 'x-request-id': 'eab2d0a2b8784853f79828f069fd6ef7', 'x-correlation-id': 'c7e84c6feb9949e988f06b7e30c0e0e0', 'strict-transport-security': 'max-age=31536000; includeSubDomains', 'CF-Cache-Status': 'DYNAMIC', 'Report-To': '{"endpoints":[{"url":"https:\\/\\/a.nel.cloudflare.com\\/report\\/v4?s=mlg91qW6h9n9wEAY0vWZxlMs7uKEZ72rGyU2VbXKohcH%2FGYV5i5K7mOLhxe1zQXDexPWZ1DOqt%2F%2Bduj0rbL5%2BjKNcTB7JzjJhAMedlV4w0ZXz301k6kZ6cOBwlHHv%2B3vE7Y%3D"}],"group":"cf-nel","max_age":604800}', 'NEL': '{"success_fraction":0,"report_to":"cf-nel","max_age":604800}', 'Server': 'cloudflare', 'CF-RAY': '8b39c4f02e35c412-WAW', 'alt-svc': 'h3=":443"; ma=86400'}
2024-08-15 17:10:27,656 - DEBUG - CheckboxSettings.py:112 - Відповідь API (текст): null
2024-08-15 17:10:27,656 - ERROR - CheckboxSettings.py:129 - Отримані дані не є правильним JSON-об'єктом
