2024-08-07 20:07:04,232 - INFO - Contacts.py:80 - Пошуковий запит: 
2024-08-07 20:07:04,232 - INFO - Contacts.py:89 - Запит до бази даних: 
                    SELECT id, sename, name, f_name, phone_number, address, address_NP, email
                    FROM contacts
                    WHERE LOWER(sename) LIKE LOWER(?) OR LOWER(name) LIKE LOWER(?) OR LOWER(f_name) LIKE LOWER(?) OR LOWER(phone_number) LIKE LOWER(?) OR LOWER(address) LIKE LOWER(?) OR LOWER(address_NP) LIKE LOWER(?) OR LOWER(email) LIKE LOWER(?)
                 з параметрами %%
2024-08-07 20:07:12,070 - INFO - Contacts.py:80 - Пошуковий запит: шну
2024-08-07 20:07:12,070 - INFO - Contacts.py:89 - Запит до бази даних: 
                    SELECT id, sename, name, f_name, phone_number, address, address_NP, email
                    FROM contacts
                    WHERE LOWER(sename) LIKE LOWER(?) OR LOWER(name) LIKE LOWER(?) OR LOWER(f_name) LIKE LOWER(?) OR LOWER(phone_number) LIKE LOWER(?) OR LOWER(address) LIKE LOWER(?) OR LOWER(address_NP) LIKE LOWER(?) OR LOWER(email) LIKE LOWER(?)
                 з параметрами %шну%
2024-08-07 20:07:29,270 - INFO - Contacts.py:80 - Пошуковий запит: 
2024-08-07 20:07:29,270 - INFO - Contacts.py:89 - Запит до бази даних: 
                    SELECT id, sename, name, f_name, phone_number, address, address_NP, email
                    FROM contacts
                    WHERE LOWER(sename) LIKE LOWER(?) OR LOWER(name) LIKE LOWER(?) OR LOWER(f_name) LIKE LOWER(?) OR LOWER(phone_number) LIKE LOWER(?) OR LOWER(address) LIKE LOWER(?) OR LOWER(address_NP) LIKE LOWER(?) OR LOWER(email) LIKE LOWER(?)
                 з параметрами %%
2024-08-07 20:07:35,294 - INFO - Contacts.py:80 - Пошуковий запит: Шнур
2024-08-07 20:07:35,294 - INFO - Contacts.py:89 - Запит до бази даних: 
                    SELECT id, sename, name, f_name, phone_number, address, address_NP, email
                    FROM contacts
                    WHERE LOWER(sename) LIKE LOWER(?) OR LOWER(name) LIKE LOWER(?) OR LOWER(f_name) LIKE LOWER(?) OR LOWER(phone_number) LIKE LOWER(?) OR LOWER(address) LIKE LOWER(?) OR LOWER(address_NP) LIKE LOWER(?) OR LOWER(email) LIKE LOWER(?)
                 з параметрами %шнур%
2024-08-07 20:07:36,238 - INFO - Contacts.py:80 - Пошуковий запит: 
2024-08-07 20:07:36,238 - INFO - Contacts.py:89 - Запит до бази даних: 
                    SELECT id, sename, name, f_name, phone_number, address, address_NP, email
                    FROM contacts
                    WHERE LOWER(sename) LIKE LOWER(?) OR LOWER(name) LIKE LOWER(?) OR LOWER(f_name) LIKE LOWER(?) OR LOWER(phone_number) LIKE LOWER(?) OR LOWER(address) LIKE LOWER(?) OR LOWER(address_NP) LIKE LOWER(?) OR LOWER(email) LIKE LOWER(?)
                 з параметрами %%
2024-08-07 20:07:40,749 - INFO - Contacts.py:80 - Пошуковий запит: Шнурков
2024-08-07 20:07:40,750 - INFO - Contacts.py:89 - Запит до бази даних: 
                    SELECT id, sename, name, f_name, phone_number, address, address_NP, email
                    FROM contacts
                    WHERE LOWER(sename) LIKE LOWER(?) OR LOWER(name) LIKE LOWER(?) OR LOWER(f_name) LIKE LOWER(?) OR LOWER(phone_number) LIKE LOWER(?) OR LOWER(address) LIKE LOWER(?) OR LOWER(address_NP) LIKE LOWER(?) OR LOWER(email) LIKE LOWER(?)
                 з параметрами %шнурков%
2024-08-07 20:07:42,718 - INFO - Contacts.py:80 - Пошуковий запит: 
2024-08-07 20:07:42,718 - INFO - Contacts.py:89 - Запит до бази даних: 
                    SELECT id, sename, name, f_name, phone_number, address, address_NP, email
                    FROM contacts
                    WHERE LOWER(sename) LIKE LOWER(?) OR LOWER(name) LIKE LOWER(?) OR LOWER(f_name) LIKE LOWER(?) OR LOWER(phone_number) LIKE LOWER(?) OR LOWER(address) LIKE LOWER(?) OR LOWER(address_NP) LIKE LOWER(?) OR LOWER(email) LIKE LOWER(?)
                 з параметрами %%
